<?xml version="1.0" encoding="UTF-8"?>
<!-- Generated by org.testng.reporters.JUnitXMLReporter -->
<testsuite hostname="Adarsh" ignored="0" name="Default test" tests="5" failures="0" timestamp="2020-06-16T09:30:09 IST" time="37.516" errors="0">
  <testcase name="gettitle" time="0.086" classname="pageobjects.TestClass"/>
  <testcase name="screenshot" time="0.643" classname="pageobjects.TestClass"/>
  <testcase name="login" time="0.606" classname="pageobjects.TestClass"/>
  <testcase name="pass" time="0.19" classname="pageobjects.TestClass"/>
  <testcase name="click" time="3.242" classname="pageobjects.TestClass"/>
</testsuite> <!-- Default test -->
